<?xml version="1.0" encoding="UTF-8"?>
<Site BuildName="Win32-mingw32-make"
	BuildStamp="20240207-0705-Experimental"
	Name="DESKTOP-A7O0V5H"
	Generator="ctest-3.28.1"
	CompilerName="C:/msys64/ucrt64/bin/g++.exe"
	CompilerVersion=""
	OSName="Windows"
	Hostname="DESKTOP-A7O0V5H"
	OSRelease=" Professional"
	OSVersion=" (Build 17763)"
	OSPlatform="AMD64"
	Is64Bits="1"
	VendorString="GenuineIntel"
	VendorID="Intel Corporation"
	FamilyID="6"
	ModelID="14"
	ProcessorCacheSize="-1"
	NumberOfLogicalCPU="4"
	NumberOfPhysicalCPU="2"
	TotalVirtualMemory="6265"
	TotalPhysicalMemory="3961"
	LogicalProcessorsPerPhysical="2"
	ProcessorClockFrequency="3696"
	>
	<Testing>
		<StartDateTime>Feb 07 14:05 [NON-UTF-8-BYTE-0xD2][NON-UTF-8-BYTE-0xEE][NON-UTF-8-BYTE-0xEC][NON-UTF-8-BYTE-0xF1][NON-UTF-8-BYTE-0xEA] ([NON-UTF-8-BYTE-0xE7][NON-UTF-8-BYTE-0xE8][NON-UTF-8-BYTE-0xEC][NON-UTF-8-BYTE-0xE0])</StartDateTime>
		<StartTestTime>1707289521</StartTestTime>
		<TestList/>
		<EndDateTime>Feb 07 14:05 [NON-UTF-8-BYTE-0xD2][NON-UTF-8-BYTE-0xEE][NON-UTF-8-BYTE-0xEC][NON-UTF-8-BYTE-0xF1][NON-UTF-8-BYTE-0xEA] ([NON-UTF-8-BYTE-0xE7][NON-UTF-8-BYTE-0xE8][NON-UTF-8-BYTE-0xEC][NON-UTF-8-BYTE-0xE0])</EndDateTime>
		<EndTestTime>1707289521</EndTestTime>
		<ElapsedMinutes>0</ElapsedMinutes>
	</Testing>
</Site>
